{"uuid":"8a2804d6-0a2a-4bdf-b253-1c68d44e8f0d","historyId":"cab6c6e64e013997479356dfbfe654c6","fullName":"AkidoTest.Loans.creatloan","labels":[{"name":"package","value":"AkidoTest.Loans"},{"name":"testClass","value":"AkidoTest.Loans"},{"name":"testMethod","value":"creatloan"},{"name":"parentSuite","value":"Default Suite"},{"name":"suite","value":"POMtest"},{"name":"subSuite","value":"AkidoTest.Loans"},{"name":"host","value":"NATIAG-TEST-HD"},{"name":"thread","value":"17244@NATIAG-TEST-HD.main(1)"},{"name":"framework","value":"testng"},{"name":"language","value":"java"}],"links":[],"name":"creatloan","status":"failed","statusDetails":{"known":false,"muted":false,"flaky":false,"message":"Element not found {#real_interest}\r\nExpected: not empty: attribute value=\"\" and exact text \"\"\r\nScreenshot: file:/C:/Users/n.goiashvili/Desktop/test%20automate/POMtest/build/reports/tests/1685346705961.0.png\r\nPage source: file:/C:/Users/n.goiashvili/Desktop/test%20automate/POMtest/build/reports/tests/1685346705961.0.html\r\nTimeout: 15 s.\r\nCaused by: NoSuchElementException: no such element: Unable to locate element: {\"method\":\"css selector\",\"selector\":\"#real_interest\"}","trace":"Element not found {#real_interest}\r\nExpected: not empty: attribute value=\"\" and exact text \"\"\r\nScreenshot: file:/C:/Users/n.goiashvili/Desktop/test%20automate/POMtest/build/reports/tests/1685346705961.0.png\r\nPage source: file:/C:/Users/n.goiashvili/Desktop/test%20automate/POMtest/build/reports/tests/1685346705961.0.html\r\nTimeout: 15 s.\r\nCaused by: NoSuchElementException: no such element: Unable to locate element: {\"method\":\"css selector\",\"selector\":\"#real_interest\"}\r\n\tat com.codeborne.selenide.impl.WebElementSource.createElementNotFoundError(WebElementSource.java:88)\r\n\tat com.codeborne.selenide.impl.ElementFinder.createElementNotFoundError(ElementFinder.java:142)\r\n\tat com.codeborne.selenide.impl.WebElementSource.handleError(WebElementSource.java:140)\r\n\tat com.codeborne.selenide.impl.WebElementSource.checkConditionAndReturnElement(WebElementSource.java:124)\r\n\tat com.codeborne.selenide.impl.WebElementSource.checkCondition(WebElementSource.java:101)\r\n\tat com.codeborne.selenide.commands.ShouldNot.execute(ShouldNot.java:30)\r\n\tat com.codeborne.selenide.commands.ShouldNot.execute(ShouldNot.java:14)\r\n\tat com.codeborne.selenide.commands.Commands.execute(Commands.java:159)\r\n\tat com.codeborne.selenide.impl.SelenideElementProxy.dispatchAndRetry(SelenideElementProxy.java:132)\r\n\tat com.codeborne.selenide.impl.SelenideElementProxy.invoke(SelenideElementProxy.java:84)\r\n\tat jdk.proxy2/jdk.proxy2.$Proxy7.shouldNotBe(Unknown Source)\r\n\tat StepObject.AplicationaPageSteps.real_interest(AplicationaPageSteps.java:75)\r\n\tat AkidoTest.Loans.creatloan(Loans.java:68)\r\n\tat java.base/jdk.internal.reflect.DirectMethodHandleAccessor.invoke(DirectMethodHandleAccessor.java:104)\r\n\tat java.base/java.lang.reflect.Method.invoke(Method.java:578)\r\n\tat org.testng.internal.invokers.MethodInvocationHelper.invokeMethod(MethodInvocationHelper.java:139)\r\n\tat org.testng.internal.invokers.TestInvoker.invokeMethod(TestInvoker.java:677)\r\n\tat org.testng.internal.invokers.TestInvoker.invokeTestMethod(TestInvoker.java:221)\r\n\tat org.testng.internal.invokers.MethodRunner.runInSequence(MethodRunner.java:50)\r\n\tat org.testng.internal.invokers.TestInvoker$MethodInvocationAgent.invoke(TestInvoker.java:969)\r\n\tat org.testng.internal.invokers.TestInvoker.invokeTestMethods(TestInvoker.java:194)\r\n\tat org.testng.internal.invokers.TestMethodWorker.invokeTestMethods(TestMethodWorker.java:148)\r\n\tat org.testng.internal.invokers.TestMethodWorker.run(TestMethodWorker.java:128)\r\n\tat java.base/java.util.ArrayList.forEach(ArrayList.java:1511)\r\n\tat org.testng.TestRunner.privateRun(TestRunner.java:829)\r\n\tat org.testng.TestRunner.run(TestRunner.java:602)\r\n\tat org.testng.SuiteRunner.runTest(SuiteRunner.java:437)\r\n\tat org.testng.SuiteRunner.runSequentially(SuiteRunner.java:431)\r\n\tat org.testng.SuiteRunner.privateRun(SuiteRunner.java:391)\r\n\tat org.testng.SuiteRunner.run(SuiteRunner.java:330)\r\n\tat org.testng.SuiteRunnerWorker.runSuite(SuiteRunnerWorker.java:52)\r\n\tat org.testng.SuiteRunnerWorker.run(SuiteRunnerWorker.java:95)\r\n\tat org.testng.TestNG.runSuitesSequentially(TestNG.java:1256)\r\n\tat org.testng.TestNG.runSuitesLocally(TestNG.java:1176)\r\n\tat org.testng.TestNG.runSuites(TestNG.java:1099)\r\n\tat org.testng.TestNG.run(TestNG.java:1067)\r\n\tat com.intellij.rt.testng.IDEARemoteTestNG.run(IDEARemoteTestNG.java:66)\r\n\tat com.intellij.rt.testng.RemoteTestNGStarter.main(RemoteTestNGStarter.java:109)\r\nCaused by: org.openqa.selenium.NoSuchElementException: no such element: Unable to locate element: {\"method\":\"css selector\",\"selector\":\"#real_interest\"}\n  (Session info: chrome=113.0.5672.127)\nFor documentation on this error, please visit: https://selenium.dev/exceptions/#no_such_element\nBuild info: version: '4.8.1', revision: '8ebccac989'\nSystem info: os.name: 'Windows 10', os.arch: 'amd64', os.version: '10.0', java.version: '20'\nDriver info: org.openqa.selenium.chrome.ChromeDriver\nCommand: [4d93308136ffcae308926872f8dcb35b, findElement {using=css selector, value=#real_interest}]\nCapabilities {acceptInsecureCerts: true, browserName: chrome, browserVersion: 113.0.5672.127, chrome: {chromedriverVersion: 113.0.5672.63 (0e1a4471d5ae..., userDataDir: C:\\Users\\N5A50~1.GOI\\AppDat...}, goog:chromeOptions: {debuggerAddress: localhost:56701}, networkConnectionEnabled: false, pageLoadStrategy: normal, platformName: WINDOWS, proxy: Proxy(), se:cdp: ws://localhost:56701/devtoo..., se:cdpVersion: 113.0.5672.127, setWindowRect: true, strictFileInteractability: false, timeouts: {implicit: 0, pageLoad: 300000, script: 30000}, unhandledPromptBehavior: accept, webauthn:extension:credBlob: true, webauthn:extension:largeBlob: true, webauthn:extension:minPinLength: true, webauthn:extension:prf: true, webauthn:virtualAuthenticators: true}\nSession ID: 4d93308136ffcae308926872f8dcb35b\r\n\tat java.base/jdk.internal.reflect.DirectConstructorHandleAccessor.newInstance(DirectConstructorHandleAccessor.java:67)\r\n\tat java.base/java.lang.reflect.Constructor.newInstanceWithCaller(Constructor.java:500)\r\n\tat java.base/java.lang.reflect.Constructor.newInstance(Constructor.java:484)\r\n\tat org.openqa.selenium.remote.codec.w3c.W3CHttpResponseCodec.createException(W3CHttpResponseCodec.java:200)\r\n\tat org.openqa.selenium.remote.codec.w3c.W3CHttpResponseCodec.decode(W3CHttpResponseCodec.java:133)\r\n\tat org.openqa.selenium.remote.codec.w3c.W3CHttpResponseCodec.decode(W3CHttpResponseCodec.java:53)\r\n\tat org.openqa.selenium.remote.HttpCommandExecutor.execute(HttpCommandExecutor.java:184)\r\n\tat org.openqa.selenium.remote.service.DriverCommandExecutor.invokeExecute(DriverCommandExecutor.java:167)\r\n\tat org.openqa.selenium.remote.service.DriverCommandExecutor.execute(DriverCommandExecutor.java:142)\r\n\tat org.openqa.selenium.remote.RemoteWebDriver.execute(RemoteWebDriver.java:543)\r\n\tat org.openqa.selenium.remote.ElementLocation$ElementFinder$2.findElement(ElementLocation.java:162)\r\n\tat org.openqa.selenium.remote.ElementLocation.findElement(ElementLocation.java:60)\r\n\tat org.openqa.selenium.remote.RemoteWebDriver.findElement(RemoteWebDriver.java:352)\r\n\tat org.openqa.selenium.remote.RemoteWebDriver.findElement(RemoteWebDriver.java:344)\r\n\tat com.codeborne.selenide.impl.WebElementSelector.findElement(WebElementSelector.java:70)\r\n\tat com.codeborne.selenide.impl.WebElementSelector.findElement(WebElementSelector.java:44)\r\n\tat com.codeborne.selenide.impl.WebElementSelector.findElement(WebElementSelector.java:33)\r\n\tat com.codeborne.selenide.impl.ElementFinder.getWebElement(ElementFinder.java:122)\r\n\tat com.codeborne.selenide.impl.WebElementSource.checkConditionAndReturnElement(WebElementSource.java:113)\r\n\t... 34 more\r\n"},"stage":"finished","steps":[{"name":"$(\"#username_input\") set value(l.meparishvili@crystal.ge)","status":"passed","stage":"finished","steps":[],"attachments":[],"parameters":[],"start":1685346663405,"stop":1685346664035},{"name":"$(\"#password_input\") set value(Akido123!)","status":"passed","stage":"finished","steps":[],"attachments":[],"parameters":[],"start":1685346664035,"stop":1685346664299},{"name":"$(\"By.id: submit_btn\") click()","status":"passed","stage":"finished","steps":[],"attachments":[],"parameters":[],"start":1685346664299,"stop":1685346666258},{"name":"$(\"by text: მომხმარებლის პროფაილი: l.meparishvili@crystal.ge\") should be([visible, 5 s.])","status":"passed","stage":"finished","steps":[],"attachments":[],"parameters":[],"start":1685346666266,"stop":1685346666316},{"name":"$(\"#loan_product_btn\") click()","status":"passed","stage":"finished","steps":[],"attachments":[],"parameters":[],"start":1685346666316,"stop":1685346666500},{"name":"$(\"window(index: 1)\") switch to()","status":"passed","stage":"finished","steps":[],"attachments":[],"parameters":[],"start":1685346666523,"stop":1685346666649},{"name":"$(\"By.className: cookie-policy--verify-btn\") click()","status":"passed","stage":"finished","steps":[],"attachments":[],"parameters":[],"start":1685346666650,"stop":1685346667814},{"name":"$(\"#loan_next_btn\") click()","status":"passed","stage":"finished","steps":[],"attachments":[],"parameters":[],"start":1685346667815,"stop":1685346667958},{"name":"$(\"#personal_id\") set value(48001025362)","status":"passed","stage":"finished","steps":[],"attachments":[],"parameters":[],"start":1685346667959,"stop":1685346668425},{"name":"$(\"#document_number\") set value(20PA77410)","status":"passed","stage":"finished","steps":[],"attachments":[],"parameters":[],"start":1685346668425,"stop":1685346668730},{"name":"$(\"#application_going_with_live\") double click()","status":"passed","stage":"finished","steps":[],"attachments":[],"parameters":[],"start":1685346668731,"stop":1685346669101},{"name":"$(\"#loan_check_btn\") click()","status":"passed","stage":"finished","steps":[],"attachments":[],"parameters":[],"start":1685346669101,"stop":1685346669303},{"name":"$(\"#akido_active_balance-input\") should not be([empty: attribute value=\"\" and exact text \"\", 15 s.])","status":"passed","stage":"finished","steps":[],"attachments":[],"parameters":[],"start":1685346669304,"stop":1685346676084},{"name":"$(\"#next_application_btn\") click()","status":"passed","stage":"finished","steps":[],"attachments":[],"parameters":[],"start":1685346676085,"stop":1685346676335},{"name":"$(\"#income-amount_0\") set value(50000)","status":"passed","stage":"finished","steps":[],"attachments":[],"parameters":[],"start":1685346676336,"stop":1685346678535},{"name":"$(\"#comment_text_0\") set value(ოკ)","status":"passed","stage":"finished","steps":[],"attachments":[],"parameters":[],"start":1685346678535,"stop":1685346678731},{"name":"$(\"#contact_person_name_0\") set value(ნანა)","status":"passed","stage":"finished","steps":[],"attachments":[],"parameters":[],"start":1685346681733,"stop":1685346682035},{"name":"$(\"#contact_person_last_name_0\") set value(ჩხიკვაძე)","status":"passed","stage":"finished","steps":[],"attachments":[],"parameters":[],"start":1685346682035,"stop":1685346682359},{"name":"$(\"#contact_person_phone_0\") set value(555456456)","status":"passed","stage":"finished","steps":[],"attachments":[],"parameters":[],"start":1685346682360,"stop":1685346682662},{"name":"$(\"#contact_person_connection_0\") set value(დედა)","status":"passed","stage":"finished","steps":[],"attachments":[],"parameters":[],"start":1685346682662,"stop":1685346682868},{"name":"$(\"#income_statement_btn\") click()","status":"passed","stage":"finished","steps":[],"attachments":[],"parameters":[],"start":1685346682868,"stop":1685346682990},{"name":"$(\"#loan_product\") click()","status":"passed","stage":"finished","steps":[],"attachments":[],"parameters":[],"start":1685346682990,"stop":1685346687211},{"name":"$(\"[class=\"customSelectOptionItem ng-star-inserted\"][6]\") click()","status":"passed","stage":"finished","steps":[],"attachments":[],"parameters":[],"start":1685346687211,"stop":1685346688201},{"name":"$(\"By.id: loan_amount\") set value(1414)","status":"passed","stage":"finished","steps":[],"attachments":[],"parameters":[],"start":1685346688373,"stop":1685346688637},{"name":"$(\"By.id: loan_term\") set value(12)","status":"passed","stage":"finished","steps":[],"attachments":[],"parameters":[],"start":1685346688637,"stop":1685346688965},{"name":"$(\"By.id: first_payment_date\") set value(05-06-2023)","status":"passed","stage":"finished","steps":[],"attachments":[],"parameters":[],"start":1685346688966,"stop":1685346689583},{"name":"$(\"By.id: loan_insurance_company\") click()","status":"passed","stage":"finished","steps":[],"attachments":[],"parameters":[],"start":1685346689583,"stop":1685346689827},{"name":"$(\"by text: BB დაზღვევა\") click()","status":"passed","stage":"finished","steps":[],"attachments":[],"parameters":[],"start":1685346689827,"stop":1685346690041},{"name":"$(\"By.id: loan_insurance_product\") click()","status":"passed","stage":"finished","steps":[],"attachments":[],"parameters":[],"start":1685346690042,"stop":1685346690233},{"name":"$(\"By.xpath: //*[@id=\"loan_insurance_product\"]/div[2]/div/div[2]\") click()","status":"passed","stage":"finished","steps":[],"attachments":[],"parameters":[],"start":1685346690233,"stop":1685346690403},{"name":"$(\"#loan_issuance_type\") click()","status":"passed","stage":"finished","steps":[],"attachments":[],"parameters":[],"start":1685346690404,"stop":1685346690566},{"name":"$(\"By.xpath: //*[@id=\"loan_issuance_type\"]/div[2]/div/div[2]\") click()","status":"passed","stage":"finished","steps":[],"attachments":[],"parameters":[],"start":1685346690566,"stop":1685346690722},{"name":"$(\"#interest_and_schedule_btn\") click()","status":"passed","stage":"finished","steps":[],"attachments":[],"parameters":[],"start":1685346690722,"stop":1685346690891},{"name":"$(\"#real_interest\") should not be([empty: attribute value=\"\" and exact text \"\", 15 s.])","status":"failed","statusDetails":{"known":false,"muted":false,"flaky":false,"message":"Element not found {#real_interest}\r\nExpected: not empty: attribute value=\"\" and exact text \"\"\r\nScreenshot: file:/C:/Users/n.goiashvili/Desktop/test%20automate/POMtest/build/reports/tests/1685346705961.0.png\r\nPage source: file:/C:/Users/n.goiashvili/Desktop/test%20automate/POMtest/build/reports/tests/1685346705961.0.html\r\nTimeout: 15 s.\r\nCaused by: NoSuchElementException: no such element: Unable to locate element: {\"method\":\"css selector\",\"selector\":\"#real_interest\"}","trace":"Element not found {#real_interest}\r\nExpected: not empty: attribute value=\"\" and exact text \"\"\r\nScreenshot: file:/C:/Users/n.goiashvili/Desktop/test%20automate/POMtest/build/reports/tests/1685346705961.0.png\r\nPage source: file:/C:/Users/n.goiashvili/Desktop/test%20automate/POMtest/build/reports/tests/1685346705961.0.html\r\nTimeout: 15 s.\r\nCaused by: NoSuchElementException: no such element: Unable to locate element: {\"method\":\"css selector\",\"selector\":\"#real_interest\"}\r\n\tat com.codeborne.selenide.impl.WebElementSource.createElementNotFoundError(WebElementSource.java:88)\r\n\tat com.codeborne.selenide.impl.ElementFinder.createElementNotFoundError(ElementFinder.java:142)\r\n\tat com.codeborne.selenide.impl.WebElementSource.handleError(WebElementSource.java:140)\r\n\tat com.codeborne.selenide.impl.WebElementSource.checkConditionAndReturnElement(WebElementSource.java:124)\r\n\tat com.codeborne.selenide.impl.WebElementSource.checkCondition(WebElementSource.java:101)\r\n\tat com.codeborne.selenide.commands.ShouldNot.execute(ShouldNot.java:30)\r\n\tat com.codeborne.selenide.commands.ShouldNot.execute(ShouldNot.java:14)\r\n\tat com.codeborne.selenide.commands.Commands.execute(Commands.java:159)\r\n\tat com.codeborne.selenide.impl.SelenideElementProxy.dispatchAndRetry(SelenideElementProxy.java:132)\r\n\tat com.codeborne.selenide.impl.SelenideElementProxy.invoke(SelenideElementProxy.java:84)\r\n\tat jdk.proxy2/jdk.proxy2.$Proxy7.shouldNotBe(Unknown Source)\r\n\tat StepObject.AplicationaPageSteps.real_interest(AplicationaPageSteps.java:75)\r\n\tat AkidoTest.Loans.creatloan(Loans.java:68)\r\n\tat java.base/jdk.internal.reflect.DirectMethodHandleAccessor.invoke(DirectMethodHandleAccessor.java:104)\r\n\tat java.base/java.lang.reflect.Method.invoke(Method.java:578)\r\n\tat org.testng.internal.invokers.MethodInvocationHelper.invokeMethod(MethodInvocationHelper.java:139)\r\n\tat org.testng.internal.invokers.TestInvoker.invokeMethod(TestInvoker.java:677)\r\n\tat org.testng.internal.invokers.TestInvoker.invokeTestMethod(TestInvoker.java:221)\r\n\tat org.testng.internal.invokers.MethodRunner.runInSequence(MethodRunner.java:50)\r\n\tat org.testng.internal.invokers.TestInvoker$MethodInvocationAgent.invoke(TestInvoker.java:969)\r\n\tat org.testng.internal.invokers.TestInvoker.invokeTestMethods(TestInvoker.java:194)\r\n\tat org.testng.internal.invokers.TestMethodWorker.invokeTestMethods(TestMethodWorker.java:148)\r\n\tat org.testng.internal.invokers.TestMethodWorker.run(TestMethodWorker.java:128)\r\n\tat java.base/java.util.ArrayList.forEach(ArrayList.java:1511)\r\n\tat org.testng.TestRunner.privateRun(TestRunner.java:829)\r\n\tat org.testng.TestRunner.run(TestRunner.java:602)\r\n\tat org.testng.SuiteRunner.runTest(SuiteRunner.java:437)\r\n\tat org.testng.SuiteRunner.runSequentially(SuiteRunner.java:431)\r\n\tat org.testng.SuiteRunner.privateRun(SuiteRunner.java:391)\r\n\tat org.testng.SuiteRunner.run(SuiteRunner.java:330)\r\n\tat org.testng.SuiteRunnerWorker.runSuite(SuiteRunnerWorker.java:52)\r\n\tat org.testng.SuiteRunnerWorker.run(SuiteRunnerWorker.java:95)\r\n\tat org.testng.TestNG.runSuitesSequentially(TestNG.java:1256)\r\n\tat org.testng.TestNG.runSuitesLocally(TestNG.java:1176)\r\n\tat org.testng.TestNG.runSuites(TestNG.java:1099)\r\n\tat org.testng.TestNG.run(TestNG.java:1067)\r\n\tat com.intellij.rt.testng.IDEARemoteTestNG.run(IDEARemoteTestNG.java:66)\r\n\tat com.intellij.rt.testng.RemoteTestNGStarter.main(RemoteTestNGStarter.java:109)\r\nCaused by: org.openqa.selenium.NoSuchElementException: no such element: Unable to locate element: {\"method\":\"css selector\",\"selector\":\"#real_interest\"}\n  (Session info: chrome=113.0.5672.127)\nFor documentation on this error, please visit: https://selenium.dev/exceptions/#no_such_element\nBuild info: version: '4.8.1', revision: '8ebccac989'\nSystem info: os.name: 'Windows 10', os.arch: 'amd64', os.version: '10.0', java.version: '20'\nDriver info: org.openqa.selenium.chrome.ChromeDriver\nCommand: [4d93308136ffcae308926872f8dcb35b, findElement {using=css selector, value=#real_interest}]\nCapabilities {acceptInsecureCerts: true, browserName: chrome, browserVersion: 113.0.5672.127, chrome: {chromedriverVersion: 113.0.5672.63 (0e1a4471d5ae..., userDataDir: C:\\Users\\N5A50~1.GOI\\AppDat...}, goog:chromeOptions: {debuggerAddress: localhost:56701}, networkConnectionEnabled: false, pageLoadStrategy: normal, platformName: WINDOWS, proxy: Proxy(), se:cdp: ws://localhost:56701/devtoo..., se:cdpVersion: 113.0.5672.127, setWindowRect: true, strictFileInteractability: false, timeouts: {implicit: 0, pageLoad: 300000, script: 30000}, unhandledPromptBehavior: accept, webauthn:extension:credBlob: true, webauthn:extension:largeBlob: true, webauthn:extension:minPinLength: true, webauthn:extension:prf: true, webauthn:virtualAuthenticators: true}\nSession ID: 4d93308136ffcae308926872f8dcb35b\r\n\tat java.base/jdk.internal.reflect.DirectConstructorHandleAccessor.newInstance(DirectConstructorHandleAccessor.java:67)\r\n\tat java.base/java.lang.reflect.Constructor.newInstanceWithCaller(Constructor.java:500)\r\n\tat java.base/java.lang.reflect.Constructor.newInstance(Constructor.java:484)\r\n\tat org.openqa.selenium.remote.codec.w3c.W3CHttpResponseCodec.createException(W3CHttpResponseCodec.java:200)\r\n\tat org.openqa.selenium.remote.codec.w3c.W3CHttpResponseCodec.decode(W3CHttpResponseCodec.java:133)\r\n\tat org.openqa.selenium.remote.codec.w3c.W3CHttpResponseCodec.decode(W3CHttpResponseCodec.java:53)\r\n\tat org.openqa.selenium.remote.HttpCommandExecutor.execute(HttpCommandExecutor.java:184)\r\n\tat org.openqa.selenium.remote.service.DriverCommandExecutor.invokeExecute(DriverCommandExecutor.java:167)\r\n\tat org.openqa.selenium.remote.service.DriverCommandExecutor.execute(DriverCommandExecutor.java:142)\r\n\tat org.openqa.selenium.remote.RemoteWebDriver.execute(RemoteWebDriver.java:543)\r\n\tat org.openqa.selenium.remote.ElementLocation$ElementFinder$2.findElement(ElementLocation.java:162)\r\n\tat org.openqa.selenium.remote.ElementLocation.findElement(ElementLocation.java:60)\r\n\tat org.openqa.selenium.remote.RemoteWebDriver.findElement(RemoteWebDriver.java:352)\r\n\tat org.openqa.selenium.remote.RemoteWebDriver.findElement(RemoteWebDriver.java:344)\r\n\tat com.codeborne.selenide.impl.WebElementSelector.findElement(WebElementSelector.java:70)\r\n\tat com.codeborne.selenide.impl.WebElementSelector.findElement(WebElementSelector.java:44)\r\n\tat com.codeborne.selenide.impl.WebElementSelector.findElement(WebElementSelector.java:33)\r\n\tat com.codeborne.selenide.impl.ElementFinder.getWebElement(ElementFinder.java:122)\r\n\tat com.codeborne.selenide.impl.WebElementSource.checkConditionAndReturnElement(WebElementSource.java:113)\r\n\t... 34 more\r\n"},"stage":"finished","steps":[],"attachments":[{"name":"Screenshot","source":"8f032ace-151d-4581-9926-39099481bb10-attachment.png","type":"image/png"}],"parameters":[],"start":1685346690891,"stop":1685346706593}],"attachments":[],"parameters":[],"start":1685346663385,"stop":1685346706601}