{"uuid":"8ae30c00-3656-4567-9c28-313316ccf6f9","historyId":"f24d3356be993c620bed085f8ddb04c9","fullName":"AkidoTest.Loans.commetee","labels":[{"name":"package","value":"AkidoTest.Loans"},{"name":"testClass","value":"AkidoTest.Loans"},{"name":"testMethod","value":"commetee"},{"name":"parentSuite","value":"Default Suite"},{"name":"suite","value":"POMtest"},{"name":"subSuite","value":"AkidoTest.Loans"},{"name":"host","value":"NATIAG-TEST-HD"},{"name":"thread","value":"18092@NATIAG-TEST-HD.main(1)"},{"name":"framework","value":"testng"},{"name":"language","value":"java"}],"links":[],"name":"commetee","status":"failed","statusDetails":{"known":false,"muted":false,"flaky":false,"message":"Element should be interactable {By.xpath: //*[@id=\"vue_app\"]/div[1]/div[3]/div[1]/button[1]}\r\nElement: 'Ups, failed to described the element [caused by: StaleElementReferenceException: stale element reference: stale element not found]'\r\nScreenshot: file:/C:/Users/n.goiashvili/Desktop/test%20automate/POMtest/build/reports/tests/1683725198578.0.png\r\nPage source: file:/C:/Users/n.goiashvili/Desktop/test%20automate/POMtest/build/reports/tests/1683725198578.0.html\r\nTimeout: 4 s.\r\nCaused by: StaleElementReferenceException: stale element reference: stale element not found","trace":"Element should be interactable {By.xpath: //*[@id=\"vue_app\"]/div[1]/div[3]/div[1]/button[1]}\r\nElement: 'Ups, failed to described the element [caused by: StaleElementReferenceException: stale element reference: stale element not found]'\r\nScreenshot: file:/C:/Users/n.goiashvili/Desktop/test%20automate/POMtest/build/reports/tests/1683725198578.0.png\r\nPage source: file:/C:/Users/n.goiashvili/Desktop/test%20automate/POMtest/build/reports/tests/1683725198578.0.html\r\nTimeout: 4 s.\r\nCaused by: StaleElementReferenceException: stale element reference: stale element not found\r\n\tat com.codeborne.selenide.impl.WebElementSource.handleError(WebElementSource.java:146)\r\n\tat com.codeborne.selenide.impl.WebElementSource.checkConditionAndReturnElement(WebElementSource.java:124)\r\n\tat com.codeborne.selenide.impl.WebElementSource.findAndAssertElementIsInteractable(WebElementSource.java:158)\r\n\tat com.codeborne.selenide.commands.Click.findElement(Click.java:46)\r\n\tat com.codeborne.selenide.commands.Click.execute(Click.java:28)\r\n\tat com.codeborne.selenide.commands.Click.execute(Click.java:21)\r\n\tat com.codeborne.selenide.commands.Commands.execute(Commands.java:159)\r\n\tat com.codeborne.selenide.impl.SelenideElementProxy.dispatchAndRetry(SelenideElementProxy.java:132)\r\n\tat com.codeborne.selenide.impl.SelenideElementProxy.invoke(SelenideElementProxy.java:84)\r\n\tat jdk.proxy2/jdk.proxy2.$Proxy7.click(Unknown Source)\r\n\tat StepObject.CommeteSteps.damtkicebabtn(CommeteSteps.java:89)\r\n\tat AkidoTest.Loans.commetee(Loans.java:101)\r\n\tat java.base/jdk.internal.reflect.DirectMethodHandleAccessor.invoke(DirectMethodHandleAccessor.java:104)\r\n\tat java.base/java.lang.reflect.Method.invoke(Method.java:578)\r\n\tat org.testng.internal.invokers.MethodInvocationHelper.invokeMethod(MethodInvocationHelper.java:139)\r\n\tat org.testng.internal.invokers.TestInvoker.invokeMethod(TestInvoker.java:677)\r\n\tat org.testng.internal.invokers.TestInvoker.invokeTestMethod(TestInvoker.java:221)\r\n\tat org.testng.internal.invokers.MethodRunner.runInSequence(MethodRunner.java:50)\r\n\tat org.testng.internal.invokers.TestInvoker$MethodInvocationAgent.invoke(TestInvoker.java:969)\r\n\tat org.testng.internal.invokers.TestInvoker.invokeTestMethods(TestInvoker.java:194)\r\n\tat org.testng.internal.invokers.TestMethodWorker.invokeTestMethods(TestMethodWorker.java:148)\r\n\tat org.testng.internal.invokers.TestMethodWorker.run(TestMethodWorker.java:128)\r\n\tat java.base/java.util.ArrayList.forEach(ArrayList.java:1511)\r\n\tat org.testng.TestRunner.privateRun(TestRunner.java:829)\r\n\tat org.testng.TestRunner.run(TestRunner.java:602)\r\n\tat org.testng.SuiteRunner.runTest(SuiteRunner.java:437)\r\n\tat org.testng.SuiteRunner.runSequentially(SuiteRunner.java:431)\r\n\tat org.testng.SuiteRunner.privateRun(SuiteRunner.java:391)\r\n\tat org.testng.SuiteRunner.run(SuiteRunner.java:330)\r\n\tat org.testng.SuiteRunnerWorker.runSuite(SuiteRunnerWorker.java:52)\r\n\tat org.testng.SuiteRunnerWorker.run(SuiteRunnerWorker.java:95)\r\n\tat org.testng.TestNG.runSuitesSequentially(TestNG.java:1256)\r\n\tat org.testng.TestNG.runSuitesLocally(TestNG.java:1176)\r\n\tat org.testng.TestNG.runSuites(TestNG.java:1099)\r\n\tat org.testng.TestNG.run(TestNG.java:1067)\r\n\tat com.intellij.rt.testng.IDEARemoteTestNG.run(IDEARemoteTestNG.java:66)\r\n\tat com.intellij.rt.testng.RemoteTestNGStarter.main(RemoteTestNGStarter.java:109)\r\nCaused by: org.openqa.selenium.StaleElementReferenceException: stale element reference: stale element not found\n  (Session info: chrome=113.0.5672.92)\nFor documentation on this error, please visit: https://selenium.dev/exceptions/#stale_element_reference\nBuild info: version: '4.8.1', revision: '8ebccac989'\nSystem info: os.name: 'Windows 10', os.arch: 'amd64', os.version: '10.0', java.version: '20'\nDriver info: org.openqa.selenium.chrome.ChromeDriver\nCommand: [cfb245706fecb19d1895f788fd4ec142, isElementDisplayed {id=1CE22C7D8F7FB0C2DE4D96F760FD67F6_element_103}]\nCapabilities {acceptInsecureCerts: true, browserName: chrome, browserVersion: 113.0.5672.92, chrome: {chromedriverVersion: 113.0.5672.63 (0e1a4471d5ae..., userDataDir: C:\\Users\\N5A50~1.GOI\\AppDat...}, goog:chromeOptions: {debuggerAddress: localhost:55639}, networkConnectionEnabled: false, pageLoadStrategy: normal, platformName: WINDOWS, proxy: Proxy(), se:cdp: ws://localhost:55639/devtoo..., se:cdpVersion: 113.0.5672.92, setWindowRect: true, strictFileInteractability: false, timeouts: {implicit: 0, pageLoad: 300000, script: 30000}, unhandledPromptBehavior: accept, webauthn:extension:credBlob: true, webauthn:extension:largeBlob: true, webauthn:extension:minPinLength: true, webauthn:extension:prf: true, webauthn:virtualAuthenticators: true}\nElement: [[ChromeDriver: chrome on WINDOWS (cfb245706fecb19d1895f788fd4ec142)] -> xpath: //*[@id=\"vue_app\"]/div[1]/div[3]/div[1]/button[1]]\nSession ID: cfb245706fecb19d1895f788fd4ec142\r\n\tat java.base/jdk.internal.reflect.DirectConstructorHandleAccessor.newInstance(DirectConstructorHandleAccessor.java:67)\r\n\tat java.base/java.lang.reflect.Constructor.newInstanceWithCaller(Constructor.java:500)\r\n\tat java.base/java.lang.reflect.Constructor.newInstance(Constructor.java:484)\r\n\tat org.openqa.selenium.remote.codec.w3c.W3CHttpResponseCodec.createException(W3CHttpResponseCodec.java:200)\r\n\tat org.openqa.selenium.remote.codec.w3c.W3CHttpResponseCodec.decode(W3CHttpResponseCodec.java:133)\r\n\tat org.openqa.selenium.remote.codec.w3c.W3CHttpResponseCodec.decode(W3CHttpResponseCodec.java:53)\r\n\tat org.openqa.selenium.remote.HttpCommandExecutor.execute(HttpCommandExecutor.java:184)\r\n\tat org.openqa.selenium.remote.service.DriverCommandExecutor.invokeExecute(DriverCommandExecutor.java:167)\r\n\tat org.openqa.selenium.remote.service.DriverCommandExecutor.execute(DriverCommandExecutor.java:142)\r\n\tat org.openqa.selenium.remote.RemoteWebDriver.execute(RemoteWebDriver.java:543)\r\n\tat org.openqa.selenium.remote.RemoteWebElement.execute(RemoteWebElement.java:257)\r\n\tat org.openqa.selenium.remote.RemoteWebElement.isDisplayed(RemoteWebElement.java:313)\r\n\tat com.codeborne.selenide.conditions.Visible.check(Visible.java:21)\r\n\tat com.codeborne.selenide.conditions.Or.check(Or.java:55)\r\n\tat com.codeborne.selenide.impl.WebElementSource.checkConditionAndReturnElement(WebElementSource.java:114)\r\n\t... 35 more\r\n"},"stage":"finished","steps":[{"name":"$(\"#username_input\") set value(g.sharashenidze@crystal.ge)","status":"passed","stage":"finished","steps":[],"attachments":[],"parameters":[],"start":1683725131903,"stop":1683725133480},{"name":"$(\"#password_input\") set value(Akido123!)","status":"passed","stage":"finished","steps":[],"attachments":[],"parameters":[],"start":1683725133481,"stop":1683725133956},{"name":"$(\"By.id: submit_btn\") click()","status":"passed","stage":"finished","steps":[],"attachments":[],"parameters":[],"start":1683725133957,"stop":1683725136824},{"name":"$(\"by text: მომხმარებლის პროფაილი: g.sharashenidze@crystal.ge\") should be([visible, 5 s.])","status":"passed","stage":"finished","steps":[],"attachments":[],"parameters":[],"start":1683725136829,"stop":1683725136915},{"name":"$(\"by text: განაცხადები\") click()","status":"passed","stage":"finished","steps":[],"attachments":[],"parameters":[],"start":1683725136916,"stop":1683725143732},{"name":"$(\"By.className: uk-icon-file-text-o\") click()","status":"passed","stage":"finished","steps":[],"attachments":[],"parameters":[],"start":1683725143733,"stop":1683725147069},{"name":"$(\"refresh\") ","status":"passed","stage":"finished","steps":[],"attachments":[],"parameters":[],"start":1683725147070,"stop":1683725150014},{"name":"$(\"by text: ელოდება კომიტეტს\") is(hidden)","status":"passed","stage":"finished","steps":[],"attachments":[],"parameters":[],"start":1683725155016,"stop":1683725155090},{"name":"$(\"refresh\") ","status":"passed","stage":"finished","steps":[],"attachments":[],"parameters":[],"start":1683725155090,"stop":1683725158158},{"name":"$(\"by text: ელოდება კომიტეტს\") is(hidden)","status":"passed","stage":"finished","steps":[],"attachments":[],"parameters":[],"start":1683725163170,"stop":1683725163210},{"name":"$(\"refresh\") ","status":"passed","stage":"finished","steps":[],"attachments":[],"parameters":[],"start":1683725163210,"stop":1683725166811},{"name":"$(\"by text: ელოდება კომიტეტს\") is(hidden)","status":"passed","stage":"finished","steps":[],"attachments":[],"parameters":[],"start":1683725171815,"stop":1683725171856},{"name":"$(\"refresh\") ","status":"passed","stage":"finished","steps":[],"attachments":[],"parameters":[],"start":1683725171856,"stop":1683725174230},{"name":"$(\"by text: ელოდება კომიტეტს\") is(hidden)","status":"passed","stage":"finished","steps":[],"attachments":[],"parameters":[],"start":1683725179245,"stop":1683725179328},{"name":"$(\"by text: კომიტეტი\") click()","status":"passed","stage":"finished","steps":[],"attachments":[],"parameters":[],"start":1683725179328,"stop":1683725181641},{"name":"$(\"By.name: pid\") set value(48001025362)","status":"passed","stage":"finished","steps":[],"attachments":[],"parameters":[],"start":1683725181642,"stop":1683725182157},{"name":"$(\"By.xpath: //*[@id=\"admin-body\"]/div[2]/div/div[2]/div/form[1]/div/p[5]/button\") click()","status":"passed","stage":"finished","steps":[],"attachments":[],"parameters":[],"start":1683725182157,"stop":1683725184117},{"name":"$(\"By.className: uk-icon-file-text-o\") click()","status":"passed","stage":"finished","steps":[],"attachments":[],"parameters":[],"start":1683725184117,"stop":1683725190645},{"name":"$(\"By.xpath: //*[@id=\"vue_app\"]/div[1]/div[3]/div/button\") click()","status":"passed","stage":"finished","steps":[],"attachments":[],"parameters":[],"start":1683725190645,"stop":1683725191341},{"name":"$(\"By.xpath: /html/body/div[7]/div/div/div[2]/button[2]\") click()","status":"passed","stage":"finished","steps":[],"attachments":[],"parameters":[],"start":1683725191342,"stop":1683725191631},{"name":"$(\"By.xpath: //*[@id=\"vue_app\"]/div[1]/div[3]/div[1]/button[1]\") click()","status":"failed","statusDetails":{"known":false,"muted":false,"flaky":false,"message":"Element should be interactable {By.xpath: //*[@id=\"vue_app\"]/div[1]/div[3]/div[1]/button[1]}\r\nElement: 'Ups, failed to described the element [caused by: StaleElementReferenceException: stale element reference: stale element not found]'\r\nScreenshot: file:/C:/Users/n.goiashvili/Desktop/test%20automate/POMtest/build/reports/tests/1683725198578.0.png\r\nPage source: file:/C:/Users/n.goiashvili/Desktop/test%20automate/POMtest/build/reports/tests/1683725198578.0.html\r\nTimeout: 4 s.\r\nCaused by: StaleElementReferenceException: stale element reference: stale element not found","trace":"Element should be interactable {By.xpath: //*[@id=\"vue_app\"]/div[1]/div[3]/div[1]/button[1]}\r\nElement: 'Ups, failed to described the element [caused by: StaleElementReferenceException: stale element reference: stale element not found]'\r\nScreenshot: file:/C:/Users/n.goiashvili/Desktop/test%20automate/POMtest/build/reports/tests/1683725198578.0.png\r\nPage source: file:/C:/Users/n.goiashvili/Desktop/test%20automate/POMtest/build/reports/tests/1683725198578.0.html\r\nTimeout: 4 s.\r\nCaused by: StaleElementReferenceException: stale element reference: stale element not found\r\n\tat com.codeborne.selenide.impl.WebElementSource.handleError(WebElementSource.java:146)\r\n\tat com.codeborne.selenide.impl.WebElementSource.checkConditionAndReturnElement(WebElementSource.java:124)\r\n\tat com.codeborne.selenide.impl.WebElementSource.findAndAssertElementIsInteractable(WebElementSource.java:158)\r\n\tat com.codeborne.selenide.commands.Click.findElement(Click.java:46)\r\n\tat com.codeborne.selenide.commands.Click.execute(Click.java:28)\r\n\tat com.codeborne.selenide.commands.Click.execute(Click.java:21)\r\n\tat com.codeborne.selenide.commands.Commands.execute(Commands.java:159)\r\n\tat com.codeborne.selenide.impl.SelenideElementProxy.dispatchAndRetry(SelenideElementProxy.java:132)\r\n\tat com.codeborne.selenide.impl.SelenideElementProxy.invoke(SelenideElementProxy.java:84)\r\n\tat jdk.proxy2/jdk.proxy2.$Proxy7.click(Unknown Source)\r\n\tat StepObject.CommeteSteps.damtkicebabtn(CommeteSteps.java:89)\r\n\tat AkidoTest.Loans.commetee(Loans.java:101)\r\n\tat java.base/jdk.internal.reflect.DirectMethodHandleAccessor.invoke(DirectMethodHandleAccessor.java:104)\r\n\tat java.base/java.lang.reflect.Method.invoke(Method.java:578)\r\n\tat org.testng.internal.invokers.MethodInvocationHelper.invokeMethod(MethodInvocationHelper.java:139)\r\n\tat org.testng.internal.invokers.TestInvoker.invokeMethod(TestInvoker.java:677)\r\n\tat org.testng.internal.invokers.TestInvoker.invokeTestMethod(TestInvoker.java:221)\r\n\tat org.testng.internal.invokers.MethodRunner.runInSequence(MethodRunner.java:50)\r\n\tat org.testng.internal.invokers.TestInvoker$MethodInvocationAgent.invoke(TestInvoker.java:969)\r\n\tat org.testng.internal.invokers.TestInvoker.invokeTestMethods(TestInvoker.java:194)\r\n\tat org.testng.internal.invokers.TestMethodWorker.invokeTestMethods(TestMethodWorker.java:148)\r\n\tat org.testng.internal.invokers.TestMethodWorker.run(TestMethodWorker.java:128)\r\n\tat java.base/java.util.ArrayList.forEach(ArrayList.java:1511)\r\n\tat org.testng.TestRunner.privateRun(TestRunner.java:829)\r\n\tat org.testng.TestRunner.run(TestRunner.java:602)\r\n\tat org.testng.SuiteRunner.runTest(SuiteRunner.java:437)\r\n\tat org.testng.SuiteRunner.runSequentially(SuiteRunner.java:431)\r\n\tat org.testng.SuiteRunner.privateRun(SuiteRunner.java:391)\r\n\tat org.testng.SuiteRunner.run(SuiteRunner.java:330)\r\n\tat org.testng.SuiteRunnerWorker.runSuite(SuiteRunnerWorker.java:52)\r\n\tat org.testng.SuiteRunnerWorker.run(SuiteRunnerWorker.java:95)\r\n\tat org.testng.TestNG.runSuitesSequentially(TestNG.java:1256)\r\n\tat org.testng.TestNG.runSuitesLocally(TestNG.java:1176)\r\n\tat org.testng.TestNG.runSuites(TestNG.java:1099)\r\n\tat org.testng.TestNG.run(TestNG.java:1067)\r\n\tat com.intellij.rt.testng.IDEARemoteTestNG.run(IDEARemoteTestNG.java:66)\r\n\tat com.intellij.rt.testng.RemoteTestNGStarter.main(RemoteTestNGStarter.java:109)\r\nCaused by: org.openqa.selenium.StaleElementReferenceException: stale element reference: stale element not found\n  (Session info: chrome=113.0.5672.92)\nFor documentation on this error, please visit: https://selenium.dev/exceptions/#stale_element_reference\nBuild info: version: '4.8.1', revision: '8ebccac989'\nSystem info: os.name: 'Windows 10', os.arch: 'amd64', os.version: '10.0', java.version: '20'\nDriver info: org.openqa.selenium.chrome.ChromeDriver\nCommand: [cfb245706fecb19d1895f788fd4ec142, isElementDisplayed {id=1CE22C7D8F7FB0C2DE4D96F760FD67F6_element_103}]\nCapabilities {acceptInsecureCerts: true, browserName: chrome, browserVersion: 113.0.5672.92, chrome: {chromedriverVersion: 113.0.5672.63 (0e1a4471d5ae..., userDataDir: C:\\Users\\N5A50~1.GOI\\AppDat...}, goog:chromeOptions: {debuggerAddress: localhost:55639}, networkConnectionEnabled: false, pageLoadStrategy: normal, platformName: WINDOWS, proxy: Proxy(), se:cdp: ws://localhost:55639/devtoo..., se:cdpVersion: 113.0.5672.92, setWindowRect: true, strictFileInteractability: false, timeouts: {implicit: 0, pageLoad: 300000, script: 30000}, unhandledPromptBehavior: accept, webauthn:extension:credBlob: true, webauthn:extension:largeBlob: true, webauthn:extension:minPinLength: true, webauthn:extension:prf: true, webauthn:virtualAuthenticators: true}\nElement: [[ChromeDriver: chrome on WINDOWS (cfb245706fecb19d1895f788fd4ec142)] -> xpath: //*[@id=\"vue_app\"]/div[1]/div[3]/div[1]/button[1]]\nSession ID: cfb245706fecb19d1895f788fd4ec142\r\n\tat java.base/jdk.internal.reflect.DirectConstructorHandleAccessor.newInstance(DirectConstructorHandleAccessor.java:67)\r\n\tat java.base/java.lang.reflect.Constructor.newInstanceWithCaller(Constructor.java:500)\r\n\tat java.base/java.lang.reflect.Constructor.newInstance(Constructor.java:484)\r\n\tat org.openqa.selenium.remote.codec.w3c.W3CHttpResponseCodec.createException(W3CHttpResponseCodec.java:200)\r\n\tat org.openqa.selenium.remote.codec.w3c.W3CHttpResponseCodec.decode(W3CHttpResponseCodec.java:133)\r\n\tat org.openqa.selenium.remote.codec.w3c.W3CHttpResponseCodec.decode(W3CHttpResponseCodec.java:53)\r\n\tat org.openqa.selenium.remote.HttpCommandExecutor.execute(HttpCommandExecutor.java:184)\r\n\tat org.openqa.selenium.remote.service.DriverCommandExecutor.invokeExecute(DriverCommandExecutor.java:167)\r\n\tat org.openqa.selenium.remote.service.DriverCommandExecutor.execute(DriverCommandExecutor.java:142)\r\n\tat org.openqa.selenium.remote.RemoteWebDriver.execute(RemoteWebDriver.java:543)\r\n\tat org.openqa.selenium.remote.RemoteWebElement.execute(RemoteWebElement.java:257)\r\n\tat org.openqa.selenium.remote.RemoteWebElement.isDisplayed(RemoteWebElement.java:313)\r\n\tat com.codeborne.selenide.conditions.Visible.check(Visible.java:21)\r\n\tat com.codeborne.selenide.conditions.Or.check(Or.java:55)\r\n\tat com.codeborne.selenide.impl.WebElementSource.checkConditionAndReturnElement(WebElementSource.java:114)\r\n\t... 35 more\r\n"},"stage":"finished","steps":[],"attachments":[{"name":"Screenshot","source":"ee2597ca-e9b9-4943-85b7-a3b6e35c93db-attachment.png","type":"image/png"}],"parameters":[],"start":1683725191631,"stop":1683725199771}],"attachments":[],"parameters":[],"start":1683725131859,"stop":1683725199780}