{"uuid":"9be0e2c6-ac10-4448-8f5f-2feb7daedb46","historyId":"cab6c6e64e013997479356dfbfe654c6","fullName":"AkidoTest.Loans.creatloan","labels":[{"name":"package","value":"AkidoTest.Loans"},{"name":"testClass","value":"AkidoTest.Loans"},{"name":"testMethod","value":"creatloan"},{"name":"parentSuite","value":"Default Suite"},{"name":"suite","value":"POMtest"},{"name":"subSuite","value":"AkidoTest.Loans"},{"name":"host","value":"NATIAG-TEST-HD"},{"name":"thread","value":"12972@NATIAG-TEST-HD.main(1)"},{"name":"framework","value":"testng"},{"name":"language","value":"java"}],"links":[],"name":"creatloan","status":"failed","statusDetails":{"known":false,"muted":false,"flaky":false,"message":"Element not found {#loan_product}\r\nExpected: interactable\r\nScreenshot: file:/C:/Users/n.goiashvili/Desktop/test%20automate/POMtest/build/reports/tests/1685347105172.0.png\r\nPage source: file:/C:/Users/n.goiashvili/Desktop/test%20automate/POMtest/build/reports/tests/1685347105172.0.html\r\nTimeout: 4 s.\r\nCaused by: NoSuchElementException: no such element: Unable to locate element: {\"method\":\"css selector\",\"selector\":\"#loan_product\"}","trace":"Element not found {#loan_product}\r\nExpected: interactable\r\nScreenshot: file:/C:/Users/n.goiashvili/Desktop/test%20automate/POMtest/build/reports/tests/1685347105172.0.png\r\nPage source: file:/C:/Users/n.goiashvili/Desktop/test%20automate/POMtest/build/reports/tests/1685347105172.0.html\r\nTimeout: 4 s.\r\nCaused by: NoSuchElementException: no such element: Unable to locate element: {\"method\":\"css selector\",\"selector\":\"#loan_product\"}\r\n\tat com.codeborne.selenide.impl.WebElementSource.createElementNotFoundError(WebElementSource.java:88)\r\n\tat com.codeborne.selenide.impl.ElementFinder.createElementNotFoundError(ElementFinder.java:142)\r\n\tat com.codeborne.selenide.impl.WebElementSource.handleError(WebElementSource.java:140)\r\n\tat com.codeborne.selenide.impl.WebElementSource.checkConditionAndReturnElement(WebElementSource.java:124)\r\n\tat com.codeborne.selenide.impl.WebElementSource.findAndAssertElementIsInteractable(WebElementSource.java:158)\r\n\tat com.codeborne.selenide.commands.Click.findElement(Click.java:46)\r\n\tat com.codeborne.selenide.commands.Click.execute(Click.java:28)\r\n\tat com.codeborne.selenide.commands.Click.execute(Click.java:21)\r\n\tat com.codeborne.selenide.commands.Commands.execute(Commands.java:159)\r\n\tat com.codeborne.selenide.impl.SelenideElementProxy.dispatchAndRetry(SelenideElementProxy.java:132)\r\n\tat com.codeborne.selenide.impl.SelenideElementProxy.invoke(SelenideElementProxy.java:84)\r\n\tat jdk.proxy2/jdk.proxy2.$Proxy7.click(Unknown Source)\r\n\tat StepObject.AplicationaPageSteps.loan_product_id(AplicationaPageSteps.java:12)\r\n\tat AkidoTest.Loans.creatloan(Loans.java:56)\r\n\tat java.base/jdk.internal.reflect.DirectMethodHandleAccessor.invoke(DirectMethodHandleAccessor.java:104)\r\n\tat java.base/java.lang.reflect.Method.invoke(Method.java:578)\r\n\tat org.testng.internal.invokers.MethodInvocationHelper.invokeMethod(MethodInvocationHelper.java:139)\r\n\tat org.testng.internal.invokers.TestInvoker.invokeMethod(TestInvoker.java:677)\r\n\tat org.testng.internal.invokers.TestInvoker.invokeTestMethod(TestInvoker.java:221)\r\n\tat org.testng.internal.invokers.MethodRunner.runInSequence(MethodRunner.java:50)\r\n\tat org.testng.internal.invokers.TestInvoker$MethodInvocationAgent.invoke(TestInvoker.java:969)\r\n\tat org.testng.internal.invokers.TestInvoker.invokeTestMethods(TestInvoker.java:194)\r\n\tat org.testng.internal.invokers.TestMethodWorker.invokeTestMethods(TestMethodWorker.java:148)\r\n\tat org.testng.internal.invokers.TestMethodWorker.run(TestMethodWorker.java:128)\r\n\tat java.base/java.util.ArrayList.forEach(ArrayList.java:1511)\r\n\tat org.testng.TestRunner.privateRun(TestRunner.java:829)\r\n\tat org.testng.TestRunner.run(TestRunner.java:602)\r\n\tat org.testng.SuiteRunner.runTest(SuiteRunner.java:437)\r\n\tat org.testng.SuiteRunner.runSequentially(SuiteRunner.java:431)\r\n\tat org.testng.SuiteRunner.privateRun(SuiteRunner.java:391)\r\n\tat org.testng.SuiteRunner.run(SuiteRunner.java:330)\r\n\tat org.testng.SuiteRunnerWorker.runSuite(SuiteRunnerWorker.java:52)\r\n\tat org.testng.SuiteRunnerWorker.run(SuiteRunnerWorker.java:95)\r\n\tat org.testng.TestNG.runSuitesSequentially(TestNG.java:1256)\r\n\tat org.testng.TestNG.runSuitesLocally(TestNG.java:1176)\r\n\tat org.testng.TestNG.runSuites(TestNG.java:1099)\r\n\tat org.testng.TestNG.run(TestNG.java:1067)\r\n\tat com.intellij.rt.testng.IDEARemoteTestNG.run(IDEARemoteTestNG.java:66)\r\n\tat com.intellij.rt.testng.RemoteTestNGStarter.main(RemoteTestNGStarter.java:109)\r\nCaused by: org.openqa.selenium.NoSuchElementException: no such element: Unable to locate element: {\"method\":\"css selector\",\"selector\":\"#loan_product\"}\n  (Session info: chrome=113.0.5672.127)\nFor documentation on this error, please visit: https://selenium.dev/exceptions/#no_such_element\nBuild info: version: '4.8.1', revision: '8ebccac989'\nSystem info: os.name: 'Windows 10', os.arch: 'amd64', os.version: '10.0', java.version: '20'\nDriver info: org.openqa.selenium.chrome.ChromeDriver\nCommand: [43329eeb85f34a6c7179d6a6583e1ebb, findElement {using=css selector, value=#loan_product}]\nCapabilities {acceptInsecureCerts: true, browserName: chrome, browserVersion: 113.0.5672.127, chrome: {chromedriverVersion: 113.0.5672.63 (0e1a4471d5ae..., userDataDir: C:\\Users\\N5A50~1.GOI\\AppDat...}, goog:chromeOptions: {debuggerAddress: localhost:56955}, networkConnectionEnabled: false, pageLoadStrategy: normal, platformName: WINDOWS, proxy: Proxy(), se:cdp: ws://localhost:56955/devtoo..., se:cdpVersion: 113.0.5672.127, setWindowRect: true, strictFileInteractability: false, timeouts: {implicit: 0, pageLoad: 300000, script: 30000}, unhandledPromptBehavior: accept, webauthn:extension:credBlob: true, webauthn:extension:largeBlob: true, webauthn:extension:minPinLength: true, webauthn:extension:prf: true, webauthn:virtualAuthenticators: true}\nSession ID: 43329eeb85f34a6c7179d6a6583e1ebb\r\n\tat java.base/jdk.internal.reflect.DirectConstructorHandleAccessor.newInstance(DirectConstructorHandleAccessor.java:67)\r\n\tat java.base/java.lang.reflect.Constructor.newInstanceWithCaller(Constructor.java:500)\r\n\tat java.base/java.lang.reflect.Constructor.newInstance(Constructor.java:484)\r\n\tat org.openqa.selenium.remote.codec.w3c.W3CHttpResponseCodec.createException(W3CHttpResponseCodec.java:200)\r\n\tat org.openqa.selenium.remote.codec.w3c.W3CHttpResponseCodec.decode(W3CHttpResponseCodec.java:133)\r\n\tat org.openqa.selenium.remote.codec.w3c.W3CHttpResponseCodec.decode(W3CHttpResponseCodec.java:53)\r\n\tat org.openqa.selenium.remote.HttpCommandExecutor.execute(HttpCommandExecutor.java:184)\r\n\tat org.openqa.selenium.remote.service.DriverCommandExecutor.invokeExecute(DriverCommandExecutor.java:167)\r\n\tat org.openqa.selenium.remote.service.DriverCommandExecutor.execute(DriverCommandExecutor.java:142)\r\n\tat org.openqa.selenium.remote.RemoteWebDriver.execute(RemoteWebDriver.java:543)\r\n\tat org.openqa.selenium.remote.ElementLocation$ElementFinder$2.findElement(ElementLocation.java:162)\r\n\tat org.openqa.selenium.remote.ElementLocation.findElement(ElementLocation.java:60)\r\n\tat org.openqa.selenium.remote.RemoteWebDriver.findElement(RemoteWebDriver.java:352)\r\n\tat org.openqa.selenium.remote.RemoteWebDriver.findElement(RemoteWebDriver.java:344)\r\n\tat com.codeborne.selenide.impl.WebElementSelector.findElement(WebElementSelector.java:70)\r\n\tat com.codeborne.selenide.impl.WebElementSelector.findElement(WebElementSelector.java:44)\r\n\tat com.codeborne.selenide.impl.WebElementSelector.findElement(WebElementSelector.java:33)\r\n\tat com.codeborne.selenide.impl.ElementFinder.getWebElement(ElementFinder.java:122)\r\n\tat com.codeborne.selenide.impl.WebElementSource.checkConditionAndReturnElement(WebElementSource.java:113)\r\n\t... 35 more\r\n"},"stage":"finished","steps":[{"name":"$(\"#username_input\") set value(l.meparishvili@crystal.ge)","status":"passed","stage":"finished","steps":[],"attachments":[],"parameters":[],"start":1685347071053,"stop":1685347072172},{"name":"$(\"#password_input\") set value(Akido123!)","status":"passed","stage":"finished","steps":[],"attachments":[],"parameters":[],"start":1685347072173,"stop":1685347072666},{"name":"$(\"By.id: submit_btn\") click()","status":"passed","stage":"finished","steps":[],"attachments":[],"parameters":[],"start":1685347072666,"stop":1685347075807},{"name":"$(\"by text: მომხმარებლის პროფაილი: l.meparishvili@crystal.ge\") should be([visible, 5 s.])","status":"passed","stage":"finished","steps":[],"attachments":[],"parameters":[],"start":1685347075814,"stop":1685347075899},{"name":"$(\"#loan_product_btn\") click()","status":"passed","stage":"finished","steps":[],"attachments":[],"parameters":[],"start":1685347075900,"stop":1685347080768},{"name":"$(\"window(index: 1)\") switch to()","status":"passed","stage":"finished","steps":[],"attachments":[],"parameters":[],"start":1685347080786,"stop":1685347080918},{"name":"$(\"By.className: cookie-policy--verify-btn\") click()","status":"passed","stage":"finished","steps":[],"attachments":[],"parameters":[],"start":1685347080918,"stop":1685347081221},{"name":"$(\"#loan_next_btn\") click()","status":"passed","stage":"finished","steps":[],"attachments":[],"parameters":[],"start":1685347081222,"stop":1685347081639},{"name":"$(\"#personal_id\") set value(48001025362)","status":"passed","stage":"finished","steps":[],"attachments":[],"parameters":[],"start":1685347081639,"stop":1685347083023},{"name":"$(\"#document_number\") set value(20PA77410)","status":"passed","stage":"finished","steps":[],"attachments":[],"parameters":[],"start":1685347083023,"stop":1685347083643},{"name":"$(\"#application_going_with_live\") double click()","status":"passed","stage":"finished","steps":[],"attachments":[],"parameters":[],"start":1685347083644,"stop":1685347083970},{"name":"$(\"#loan_check_btn\") click()","status":"passed","stage":"finished","steps":[],"attachments":[],"parameters":[],"start":1685347083971,"stop":1685347084302},{"name":"$(\"#akido_active_balance-input\") should not be([empty: attribute value=\"\" and exact text \"\", 15 s.])","status":"passed","stage":"finished","steps":[],"attachments":[],"parameters":[],"start":1685347084303,"stop":1685347090482},{"name":"$(\"#next_application_btn\") click()","status":"passed","stage":"finished","steps":[],"attachments":[],"parameters":[],"start":1685347090482,"stop":1685347091068},{"name":"$(\"#income-amount_0\") set value(50000)","status":"passed","stage":"finished","steps":[],"attachments":[],"parameters":[],"start":1685347091068,"stop":1685347094404},{"name":"$(\"#comment_text_0\") set value(ოკ)","status":"passed","stage":"finished","steps":[],"attachments":[],"parameters":[],"start":1685347094404,"stop":1685347094882},{"name":"$(\"#contact_person_name_0\") set value(ნანა)","status":"passed","stage":"finished","steps":[],"attachments":[],"parameters":[],"start":1685347097898,"stop":1685347098624},{"name":"$(\"#contact_person_last_name_0\") set value(ჩხიკვაძე)","status":"passed","stage":"finished","steps":[],"attachments":[],"parameters":[],"start":1685347098625,"stop":1685347099404},{"name":"$(\"#contact_person_phone_0\") set value(555456456)","status":"passed","stage":"finished","steps":[],"attachments":[],"parameters":[],"start":1685347099404,"stop":1685347099831},{"name":"$(\"#contact_person_connection_0\") set value(დედა)","status":"passed","stage":"finished","steps":[],"attachments":[],"parameters":[],"start":1685347099831,"stop":1685347100501},{"name":"$(\"#income_statement_btn\") click()","status":"passed","stage":"finished","steps":[],"attachments":[],"parameters":[],"start":1685347100501,"stop":1685347101087},{"name":"$(\"#loan_product\") click()","status":"failed","statusDetails":{"known":false,"muted":false,"flaky":false,"message":"Element not found {#loan_product}\r\nExpected: interactable\r\nScreenshot: file:/C:/Users/n.goiashvili/Desktop/test%20automate/POMtest/build/reports/tests/1685347105172.0.png\r\nPage source: file:/C:/Users/n.goiashvili/Desktop/test%20automate/POMtest/build/reports/tests/1685347105172.0.html\r\nTimeout: 4 s.\r\nCaused by: NoSuchElementException: no such element: Unable to locate element: {\"method\":\"css selector\",\"selector\":\"#loan_product\"}","trace":"Element not found {#loan_product}\r\nExpected: interactable\r\nScreenshot: file:/C:/Users/n.goiashvili/Desktop/test%20automate/POMtest/build/reports/tests/1685347105172.0.png\r\nPage source: file:/C:/Users/n.goiashvili/Desktop/test%20automate/POMtest/build/reports/tests/1685347105172.0.html\r\nTimeout: 4 s.\r\nCaused by: NoSuchElementException: no such element: Unable to locate element: {\"method\":\"css selector\",\"selector\":\"#loan_product\"}\r\n\tat com.codeborne.selenide.impl.WebElementSource.createElementNotFoundError(WebElementSource.java:88)\r\n\tat com.codeborne.selenide.impl.ElementFinder.createElementNotFoundError(ElementFinder.java:142)\r\n\tat com.codeborne.selenide.impl.WebElementSource.handleError(WebElementSource.java:140)\r\n\tat com.codeborne.selenide.impl.WebElementSource.checkConditionAndReturnElement(WebElementSource.java:124)\r\n\tat com.codeborne.selenide.impl.WebElementSource.findAndAssertElementIsInteractable(WebElementSource.java:158)\r\n\tat com.codeborne.selenide.commands.Click.findElement(Click.java:46)\r\n\tat com.codeborne.selenide.commands.Click.execute(Click.java:28)\r\n\tat com.codeborne.selenide.commands.Click.execute(Click.java:21)\r\n\tat com.codeborne.selenide.commands.Commands.execute(Commands.java:159)\r\n\tat com.codeborne.selenide.impl.SelenideElementProxy.dispatchAndRetry(SelenideElementProxy.java:132)\r\n\tat com.codeborne.selenide.impl.SelenideElementProxy.invoke(SelenideElementProxy.java:84)\r\n\tat jdk.proxy2/jdk.proxy2.$Proxy7.click(Unknown Source)\r\n\tat StepObject.AplicationaPageSteps.loan_product_id(AplicationaPageSteps.java:12)\r\n\tat AkidoTest.Loans.creatloan(Loans.java:56)\r\n\tat java.base/jdk.internal.reflect.DirectMethodHandleAccessor.invoke(DirectMethodHandleAccessor.java:104)\r\n\tat java.base/java.lang.reflect.Method.invoke(Method.java:578)\r\n\tat org.testng.internal.invokers.MethodInvocationHelper.invokeMethod(MethodInvocationHelper.java:139)\r\n\tat org.testng.internal.invokers.TestInvoker.invokeMethod(TestInvoker.java:677)\r\n\tat org.testng.internal.invokers.TestInvoker.invokeTestMethod(TestInvoker.java:221)\r\n\tat org.testng.internal.invokers.MethodRunner.runInSequence(MethodRunner.java:50)\r\n\tat org.testng.internal.invokers.TestInvoker$MethodInvocationAgent.invoke(TestInvoker.java:969)\r\n\tat org.testng.internal.invokers.TestInvoker.invokeTestMethods(TestInvoker.java:194)\r\n\tat org.testng.internal.invokers.TestMethodWorker.invokeTestMethods(TestMethodWorker.java:148)\r\n\tat org.testng.internal.invokers.TestMethodWorker.run(TestMethodWorker.java:128)\r\n\tat java.base/java.util.ArrayList.forEach(ArrayList.java:1511)\r\n\tat org.testng.TestRunner.privateRun(TestRunner.java:829)\r\n\tat org.testng.TestRunner.run(TestRunner.java:602)\r\n\tat org.testng.SuiteRunner.runTest(SuiteRunner.java:437)\r\n\tat org.testng.SuiteRunner.runSequentially(SuiteRunner.java:431)\r\n\tat org.testng.SuiteRunner.privateRun(SuiteRunner.java:391)\r\n\tat org.testng.SuiteRunner.run(SuiteRunner.java:330)\r\n\tat org.testng.SuiteRunnerWorker.runSuite(SuiteRunnerWorker.java:52)\r\n\tat org.testng.SuiteRunnerWorker.run(SuiteRunnerWorker.java:95)\r\n\tat org.testng.TestNG.runSuitesSequentially(TestNG.java:1256)\r\n\tat org.testng.TestNG.runSuitesLocally(TestNG.java:1176)\r\n\tat org.testng.TestNG.runSuites(TestNG.java:1099)\r\n\tat org.testng.TestNG.run(TestNG.java:1067)\r\n\tat com.intellij.rt.testng.IDEARemoteTestNG.run(IDEARemoteTestNG.java:66)\r\n\tat com.intellij.rt.testng.RemoteTestNGStarter.main(RemoteTestNGStarter.java:109)\r\nCaused by: org.openqa.selenium.NoSuchElementException: no such element: Unable to locate element: {\"method\":\"css selector\",\"selector\":\"#loan_product\"}\n  (Session info: chrome=113.0.5672.127)\nFor documentation on this error, please visit: https://selenium.dev/exceptions/#no_such_element\nBuild info: version: '4.8.1', revision: '8ebccac989'\nSystem info: os.name: 'Windows 10', os.arch: 'amd64', os.version: '10.0', java.version: '20'\nDriver info: org.openqa.selenium.chrome.ChromeDriver\nCommand: [43329eeb85f34a6c7179d6a6583e1ebb, findElement {using=css selector, value=#loan_product}]\nCapabilities {acceptInsecureCerts: true, browserName: chrome, browserVersion: 113.0.5672.127, chrome: {chromedriverVersion: 113.0.5672.63 (0e1a4471d5ae..., userDataDir: C:\\Users\\N5A50~1.GOI\\AppDat...}, goog:chromeOptions: {debuggerAddress: localhost:56955}, networkConnectionEnabled: false, pageLoadStrategy: normal, platformName: WINDOWS, proxy: Proxy(), se:cdp: ws://localhost:56955/devtoo..., se:cdpVersion: 113.0.5672.127, setWindowRect: true, strictFileInteractability: false, timeouts: {implicit: 0, pageLoad: 300000, script: 30000}, unhandledPromptBehavior: accept, webauthn:extension:credBlob: true, webauthn:extension:largeBlob: true, webauthn:extension:minPinLength: true, webauthn:extension:prf: true, webauthn:virtualAuthenticators: true}\nSession ID: 43329eeb85f34a6c7179d6a6583e1ebb\r\n\tat java.base/jdk.internal.reflect.DirectConstructorHandleAccessor.newInstance(DirectConstructorHandleAccessor.java:67)\r\n\tat java.base/java.lang.reflect.Constructor.newInstanceWithCaller(Constructor.java:500)\r\n\tat java.base/java.lang.reflect.Constructor.newInstance(Constructor.java:484)\r\n\tat org.openqa.selenium.remote.codec.w3c.W3CHttpResponseCodec.createException(W3CHttpResponseCodec.java:200)\r\n\tat org.openqa.selenium.remote.codec.w3c.W3CHttpResponseCodec.decode(W3CHttpResponseCodec.java:133)\r\n\tat org.openqa.selenium.remote.codec.w3c.W3CHttpResponseCodec.decode(W3CHttpResponseCodec.java:53)\r\n\tat org.openqa.selenium.remote.HttpCommandExecutor.execute(HttpCommandExecutor.java:184)\r\n\tat org.openqa.selenium.remote.service.DriverCommandExecutor.invokeExecute(DriverCommandExecutor.java:167)\r\n\tat org.openqa.selenium.remote.service.DriverCommandExecutor.execute(DriverCommandExecutor.java:142)\r\n\tat org.openqa.selenium.remote.RemoteWebDriver.execute(RemoteWebDriver.java:543)\r\n\tat org.openqa.selenium.remote.ElementLocation$ElementFinder$2.findElement(ElementLocation.java:162)\r\n\tat org.openqa.selenium.remote.ElementLocation.findElement(ElementLocation.java:60)\r\n\tat org.openqa.selenium.remote.RemoteWebDriver.findElement(RemoteWebDriver.java:352)\r\n\tat org.openqa.selenium.remote.RemoteWebDriver.findElement(RemoteWebDriver.java:344)\r\n\tat com.codeborne.selenide.impl.WebElementSelector.findElement(WebElementSelector.java:70)\r\n\tat com.codeborne.selenide.impl.WebElementSelector.findElement(WebElementSelector.java:44)\r\n\tat com.codeborne.selenide.impl.WebElementSelector.findElement(WebElementSelector.java:33)\r\n\tat com.codeborne.selenide.impl.ElementFinder.getWebElement(ElementFinder.java:122)\r\n\tat com.codeborne.selenide.impl.WebElementSource.checkConditionAndReturnElement(WebElementSource.java:113)\r\n\t... 35 more\r\n"},"stage":"finished","steps":[],"attachments":[{"name":"Screenshot","source":"a7cb63bc-a675-4f8d-8ad6-f1cd2feedb25-attachment.png","type":"image/png"}],"parameters":[],"start":1685347101087,"stop":1685347107417}],"attachments":[],"parameters":[],"start":1685347071044,"stop":1685347107427}