{"uuid":"f3535587-12d1-4d41-95a0-f3b1d24c3436","historyId":"f24d3356be993c620bed085f8ddb04c9","fullName":"AkidoTest.Loans.commetee","labels":[{"name":"package","value":"AkidoTest.Loans"},{"name":"testClass","value":"AkidoTest.Loans"},{"name":"testMethod","value":"commetee"},{"name":"parentSuite","value":"Default Suite"},{"name":"suite","value":"POMtest"},{"name":"subSuite","value":"AkidoTest.Loans"},{"name":"host","value":"NATIAG-TEST-HD"},{"name":"thread","value":"8620@NATIAG-TEST-HD.main(1)"},{"name":"framework","value":"testng"},{"name":"language","value":"java"}],"links":[],"name":"commetee","status":"failed","statusDetails":{"known":false,"muted":false,"flaky":false,"message":"Element should be interactable {By.xpath: //*[@id=\"vue_app\"]/div[1]/div[3]/div[1]/button[1]}\r\nElement: 'Ups, failed to described the element [caused by: StaleElementReferenceException: stale element reference: stale element not found]'\r\nScreenshot: file:/C:/Users/n.goiashvili/Desktop/test%20automate/POMtest/build/reports/tests/1683724588682.0.png\r\nPage source: file:/C:/Users/n.goiashvili/Desktop/test%20automate/POMtest/build/reports/tests/1683724588682.0.html\r\nTimeout: 4 s.\r\nCaused by: StaleElementReferenceException: stale element reference: stale element not found","trace":"Element should be interactable {By.xpath: //*[@id=\"vue_app\"]/div[1]/div[3]/div[1]/button[1]}\r\nElement: 'Ups, failed to described the element [caused by: StaleElementReferenceException: stale element reference: stale element not found]'\r\nScreenshot: file:/C:/Users/n.goiashvili/Desktop/test%20automate/POMtest/build/reports/tests/1683724588682.0.png\r\nPage source: file:/C:/Users/n.goiashvili/Desktop/test%20automate/POMtest/build/reports/tests/1683724588682.0.html\r\nTimeout: 4 s.\r\nCaused by: StaleElementReferenceException: stale element reference: stale element not found\r\n\tat com.codeborne.selenide.impl.WebElementSource.handleError(WebElementSource.java:146)\r\n\tat com.codeborne.selenide.impl.WebElementSource.checkConditionAndReturnElement(WebElementSource.java:124)\r\n\tat com.codeborne.selenide.impl.WebElementSource.findAndAssertElementIsInteractable(WebElementSource.java:158)\r\n\tat com.codeborne.selenide.commands.Click.findElement(Click.java:46)\r\n\tat com.codeborne.selenide.commands.Click.execute(Click.java:28)\r\n\tat com.codeborne.selenide.commands.Click.execute(Click.java:21)\r\n\tat com.codeborne.selenide.commands.Commands.execute(Commands.java:159)\r\n\tat com.codeborne.selenide.impl.SelenideElementProxy.dispatchAndRetry(SelenideElementProxy.java:132)\r\n\tat com.codeborne.selenide.impl.SelenideElementProxy.invoke(SelenideElementProxy.java:84)\r\n\tat jdk.proxy2/jdk.proxy2.$Proxy7.click(Unknown Source)\r\n\tat StepObject.CommeteSteps.damtkicebabtn(CommeteSteps.java:89)\r\n\tat AkidoTest.Loans.commetee(Loans.java:101)\r\n\tat java.base/jdk.internal.reflect.DirectMethodHandleAccessor.invoke(DirectMethodHandleAccessor.java:104)\r\n\tat java.base/java.lang.reflect.Method.invoke(Method.java:578)\r\n\tat org.testng.internal.invokers.MethodInvocationHelper.invokeMethod(MethodInvocationHelper.java:139)\r\n\tat org.testng.internal.invokers.TestInvoker.invokeMethod(TestInvoker.java:677)\r\n\tat org.testng.internal.invokers.TestInvoker.invokeTestMethod(TestInvoker.java:221)\r\n\tat org.testng.internal.invokers.MethodRunner.runInSequence(MethodRunner.java:50)\r\n\tat org.testng.internal.invokers.TestInvoker$MethodInvocationAgent.invoke(TestInvoker.java:969)\r\n\tat org.testng.internal.invokers.TestInvoker.invokeTestMethods(TestInvoker.java:194)\r\n\tat org.testng.internal.invokers.TestMethodWorker.invokeTestMethods(TestMethodWorker.java:148)\r\n\tat org.testng.internal.invokers.TestMethodWorker.run(TestMethodWorker.java:128)\r\n\tat java.base/java.util.ArrayList.forEach(ArrayList.java:1511)\r\n\tat org.testng.TestRunner.privateRun(TestRunner.java:829)\r\n\tat org.testng.TestRunner.run(TestRunner.java:602)\r\n\tat org.testng.SuiteRunner.runTest(SuiteRunner.java:437)\r\n\tat org.testng.SuiteRunner.runSequentially(SuiteRunner.java:431)\r\n\tat org.testng.SuiteRunner.privateRun(SuiteRunner.java:391)\r\n\tat org.testng.SuiteRunner.run(SuiteRunner.java:330)\r\n\tat org.testng.SuiteRunnerWorker.runSuite(SuiteRunnerWorker.java:52)\r\n\tat org.testng.SuiteRunnerWorker.run(SuiteRunnerWorker.java:95)\r\n\tat org.testng.TestNG.runSuitesSequentially(TestNG.java:1256)\r\n\tat org.testng.TestNG.runSuitesLocally(TestNG.java:1176)\r\n\tat org.testng.TestNG.runSuites(TestNG.java:1099)\r\n\tat org.testng.TestNG.run(TestNG.java:1067)\r\n\tat com.intellij.rt.testng.IDEARemoteTestNG.run(IDEARemoteTestNG.java:66)\r\n\tat com.intellij.rt.testng.RemoteTestNGStarter.main(RemoteTestNGStarter.java:109)\r\nCaused by: org.openqa.selenium.StaleElementReferenceException: stale element reference: stale element not found\n  (Session info: chrome=113.0.5672.92)\nFor documentation on this error, please visit: https://selenium.dev/exceptions/#stale_element_reference\nBuild info: version: '4.8.1', revision: '8ebccac989'\nSystem info: os.name: 'Windows 10', os.arch: 'amd64', os.version: '10.0', java.version: '20'\nDriver info: org.openqa.selenium.chrome.ChromeDriver\nCommand: [165768ef47f25ccad6c3b0fac402f72c, isElementDisplayed {id=AF4C9EBD2816F57494FC440F4FF548B5_element_141}]\nCapabilities {acceptInsecureCerts: true, browserName: chrome, browserVersion: 113.0.5672.92, chrome: {chromedriverVersion: 113.0.5672.63 (0e1a4471d5ae..., userDataDir: C:\\Users\\N5A50~1.GOI\\AppDat...}, goog:chromeOptions: {debuggerAddress: localhost:55306}, networkConnectionEnabled: false, pageLoadStrategy: normal, platformName: WINDOWS, proxy: Proxy(), se:cdp: ws://localhost:55306/devtoo..., se:cdpVersion: 113.0.5672.92, setWindowRect: true, strictFileInteractability: false, timeouts: {implicit: 0, pageLoad: 300000, script: 30000}, unhandledPromptBehavior: accept, webauthn:extension:credBlob: true, webauthn:extension:largeBlob: true, webauthn:extension:minPinLength: true, webauthn:extension:prf: true, webauthn:virtualAuthenticators: true}\nElement: [[ChromeDriver: chrome on WINDOWS (165768ef47f25ccad6c3b0fac402f72c)] -> xpath: //*[@id=\"vue_app\"]/div[1]/div[3]/div[1]/button[1]]\nSession ID: 165768ef47f25ccad6c3b0fac402f72c\r\n\tat java.base/jdk.internal.reflect.DirectConstructorHandleAccessor.newInstance(DirectConstructorHandleAccessor.java:67)\r\n\tat java.base/java.lang.reflect.Constructor.newInstanceWithCaller(Constructor.java:500)\r\n\tat java.base/java.lang.reflect.Constructor.newInstance(Constructor.java:484)\r\n\tat org.openqa.selenium.remote.codec.w3c.W3CHttpResponseCodec.createException(W3CHttpResponseCodec.java:200)\r\n\tat org.openqa.selenium.remote.codec.w3c.W3CHttpResponseCodec.decode(W3CHttpResponseCodec.java:133)\r\n\tat org.openqa.selenium.remote.codec.w3c.W3CHttpResponseCodec.decode(W3CHttpResponseCodec.java:53)\r\n\tat org.openqa.selenium.remote.HttpCommandExecutor.execute(HttpCommandExecutor.java:184)\r\n\tat org.openqa.selenium.remote.service.DriverCommandExecutor.invokeExecute(DriverCommandExecutor.java:167)\r\n\tat org.openqa.selenium.remote.service.DriverCommandExecutor.execute(DriverCommandExecutor.java:142)\r\n\tat org.openqa.selenium.remote.RemoteWebDriver.execute(RemoteWebDriver.java:543)\r\n\tat org.openqa.selenium.remote.RemoteWebElement.execute(RemoteWebElement.java:257)\r\n\tat org.openqa.selenium.remote.RemoteWebElement.isDisplayed(RemoteWebElement.java:313)\r\n\tat com.codeborne.selenide.conditions.Visible.check(Visible.java:21)\r\n\tat com.codeborne.selenide.conditions.Or.check(Or.java:55)\r\n\tat com.codeborne.selenide.impl.WebElementSource.checkConditionAndReturnElement(WebElementSource.java:114)\r\n\t... 35 more\r\n"},"stage":"finished","steps":[{"name":"$(\"#username_input\") set value(g.sharashenidze@crystal.ge)","status":"passed","stage":"finished","steps":[],"attachments":[],"parameters":[],"start":1683724478879,"stop":1683724479508},{"name":"$(\"#password_input\") set value(Akido123!)","status":"passed","stage":"finished","steps":[],"attachments":[],"parameters":[],"start":1683724479508,"stop":1683724480098},{"name":"$(\"By.id: submit_btn\") click()","status":"passed","stage":"finished","steps":[],"attachments":[],"parameters":[],"start":1683724480098,"stop":1683724482703},{"name":"$(\"by text: მომხმარებლის პროფაილი: g.sharashenidze@crystal.ge\") should be([visible, 5 s.])","status":"passed","stage":"finished","steps":[],"attachments":[],"parameters":[],"start":1683724482704,"stop":1683724482781},{"name":"$(\"by text: განაცხადები\") click()","status":"passed","stage":"finished","steps":[],"attachments":[],"parameters":[],"start":1683724482782,"stop":1683724486897},{"name":"$(\"By.className: uk-icon-file-text-o\") click()","status":"passed","stage":"finished","steps":[],"attachments":[],"parameters":[],"start":1683724486897,"stop":1683724488901},{"name":"$(\"refresh\") ","status":"passed","stage":"finished","steps":[],"attachments":[],"parameters":[],"start":1683724488902,"stop":1683724490843},{"name":"$(\"by text: ელოდება კომიტეტს\") is(hidden)","status":"passed","stage":"finished","steps":[],"attachments":[],"parameters":[],"start":1683724495846,"stop":1683724495890},{"name":"$(\"refresh\") ","status":"passed","stage":"finished","steps":[],"attachments":[],"parameters":[],"start":1683724495890,"stop":1683724498385},{"name":"$(\"by text: ელოდება კომიტეტს\") is(hidden)","status":"passed","stage":"finished","steps":[],"attachments":[],"parameters":[],"start":1683724503397,"stop":1683724503442},{"name":"$(\"refresh\") ","status":"passed","stage":"finished","steps":[],"attachments":[],"parameters":[],"start":1683724503442,"stop":1683724506030},{"name":"$(\"by text: ელოდება კომიტეტს\") is(hidden)","status":"passed","stage":"finished","steps":[],"attachments":[],"parameters":[],"start":1683724511057,"stop":1683724511136},{"name":"$(\"refresh\") ","status":"passed","stage":"finished","steps":[],"attachments":[],"parameters":[],"start":1683724511136,"stop":1683724513783},{"name":"$(\"by text: ელოდება კომიტეტს\") is(hidden)","status":"passed","stage":"finished","steps":[],"attachments":[],"parameters":[],"start":1683724518784,"stop":1683724518823},{"name":"$(\"refresh\") ","status":"passed","stage":"finished","steps":[],"attachments":[],"parameters":[],"start":1683724518823,"stop":1683724521392},{"name":"$(\"by text: ელოდება კომიტეტს\") is(hidden)","status":"passed","stage":"finished","steps":[],"attachments":[],"parameters":[],"start":1683724526394,"stop":1683724526428},{"name":"$(\"refresh\") ","status":"passed","stage":"finished","steps":[],"attachments":[],"parameters":[],"start":1683724526428,"stop":1683724528843},{"name":"$(\"by text: ელოდება კომიტეტს\") is(hidden)","status":"passed","stage":"finished","steps":[],"attachments":[],"parameters":[],"start":1683724533854,"stop":1683724533933},{"name":"$(\"refresh\") ","status":"passed","stage":"finished","steps":[],"attachments":[],"parameters":[],"start":1683724533933,"stop":1683724536210},{"name":"$(\"by text: ელოდება კომიტეტს\") is(hidden)","status":"passed","stage":"finished","steps":[],"attachments":[],"parameters":[],"start":1683724541219,"stop":1683724541251},{"name":"$(\"refresh\") ","status":"passed","stage":"finished","steps":[],"attachments":[],"parameters":[],"start":1683724541251,"stop":1683724543414},{"name":"$(\"by text: ელოდება კომიტეტს\") is(hidden)","status":"passed","stage":"finished","steps":[],"attachments":[],"parameters":[],"start":1683724548423,"stop":1683724548451},{"name":"$(\"refresh\") ","status":"passed","stage":"finished","steps":[],"attachments":[],"parameters":[],"start":1683724548452,"stop":1683724550195},{"name":"$(\"by text: ელოდება კომიტეტს\") is(hidden)","status":"passed","stage":"finished","steps":[],"attachments":[],"parameters":[],"start":1683724555201,"stop":1683724555254},{"name":"$(\"refresh\") ","status":"passed","stage":"finished","steps":[],"attachments":[],"parameters":[],"start":1683724555254,"stop":1683724557237},{"name":"$(\"by text: ელოდება კომიტეტს\") is(hidden)","status":"passed","stage":"finished","steps":[],"attachments":[],"parameters":[],"start":1683724562243,"stop":1683724562277},{"name":"$(\"refresh\") ","status":"passed","stage":"finished","steps":[],"attachments":[],"parameters":[],"start":1683724562277,"stop":1683724564658},{"name":"$(\"by text: ელოდება კომიტეტს\") is(hidden)","status":"passed","stage":"finished","steps":[],"attachments":[],"parameters":[],"start":1683724569666,"stop":1683724569697},{"name":"$(\"refresh\") ","status":"passed","stage":"finished","steps":[],"attachments":[],"parameters":[],"start":1683724569697,"stop":1683724571563},{"name":"$(\"by text: ელოდება კომიტეტს\") is(hidden)","status":"passed","stage":"finished","steps":[],"attachments":[],"parameters":[],"start":1683724576568,"stop":1683724576658},{"name":"$(\"by text: კომიტეტი\") click()","status":"passed","stage":"finished","steps":[],"attachments":[],"parameters":[],"start":1683724576658,"stop":1683724578282},{"name":"$(\"By.name: pid\") set value(48001025362)","status":"passed","stage":"finished","steps":[],"attachments":[],"parameters":[],"start":1683724578282,"stop":1683724578753},{"name":"$(\"By.xpath: //*[@id=\"admin-body\"]/div[2]/div/div[2]/div/form[1]/div/p[5]/button\") click()","status":"passed","stage":"finished","steps":[],"attachments":[],"parameters":[],"start":1683724578754,"stop":1683724579036},{"name":"$(\"By.className: uk-icon-file-text-o\") click()","status":"passed","stage":"finished","steps":[],"attachments":[],"parameters":[],"start":1683724579036,"stop":1683724584012},{"name":"$(\"By.xpath: //*[@id=\"vue_app\"]/div[1]/div[3]/div/button\") click()","status":"passed","stage":"finished","steps":[],"attachments":[],"parameters":[],"start":1683724584012,"stop":1683724584449},{"name":"$(\"By.xpath: /html/body/div[7]/div/div/div[2]/button[2]\") click()","status":"passed","stage":"finished","steps":[],"attachments":[],"parameters":[],"start":1683724584449,"stop":1683724584678},{"name":"$(\"By.xpath: //*[@id=\"vue_app\"]/div[1]/div[3]/div[1]/button[1]\") click()","status":"failed","statusDetails":{"known":false,"muted":false,"flaky":false,"message":"Element should be interactable {By.xpath: //*[@id=\"vue_app\"]/div[1]/div[3]/div[1]/button[1]}\r\nElement: 'Ups, failed to described the element [caused by: StaleElementReferenceException: stale element reference: stale element not found]'\r\nScreenshot: file:/C:/Users/n.goiashvili/Desktop/test%20automate/POMtest/build/reports/tests/1683724588682.0.png\r\nPage source: file:/C:/Users/n.goiashvili/Desktop/test%20automate/POMtest/build/reports/tests/1683724588682.0.html\r\nTimeout: 4 s.\r\nCaused by: StaleElementReferenceException: stale element reference: stale element not found","trace":"Element should be interactable {By.xpath: //*[@id=\"vue_app\"]/div[1]/div[3]/div[1]/button[1]}\r\nElement: 'Ups, failed to described the element [caused by: StaleElementReferenceException: stale element reference: stale element not found]'\r\nScreenshot: file:/C:/Users/n.goiashvili/Desktop/test%20automate/POMtest/build/reports/tests/1683724588682.0.png\r\nPage source: file:/C:/Users/n.goiashvili/Desktop/test%20automate/POMtest/build/reports/tests/1683724588682.0.html\r\nTimeout: 4 s.\r\nCaused by: StaleElementReferenceException: stale element reference: stale element not found\r\n\tat com.codeborne.selenide.impl.WebElementSource.handleError(WebElementSource.java:146)\r\n\tat com.codeborne.selenide.impl.WebElementSource.checkConditionAndReturnElement(WebElementSource.java:124)\r\n\tat com.codeborne.selenide.impl.WebElementSource.findAndAssertElementIsInteractable(WebElementSource.java:158)\r\n\tat com.codeborne.selenide.commands.Click.findElement(Click.java:46)\r\n\tat com.codeborne.selenide.commands.Click.execute(Click.java:28)\r\n\tat com.codeborne.selenide.commands.Click.execute(Click.java:21)\r\n\tat com.codeborne.selenide.commands.Commands.execute(Commands.java:159)\r\n\tat com.codeborne.selenide.impl.SelenideElementProxy.dispatchAndRetry(SelenideElementProxy.java:132)\r\n\tat com.codeborne.selenide.impl.SelenideElementProxy.invoke(SelenideElementProxy.java:84)\r\n\tat jdk.proxy2/jdk.proxy2.$Proxy7.click(Unknown Source)\r\n\tat StepObject.CommeteSteps.damtkicebabtn(CommeteSteps.java:89)\r\n\tat AkidoTest.Loans.commetee(Loans.java:101)\r\n\tat java.base/jdk.internal.reflect.DirectMethodHandleAccessor.invoke(DirectMethodHandleAccessor.java:104)\r\n\tat java.base/java.lang.reflect.Method.invoke(Method.java:578)\r\n\tat org.testng.internal.invokers.MethodInvocationHelper.invokeMethod(MethodInvocationHelper.java:139)\r\n\tat org.testng.internal.invokers.TestInvoker.invokeMethod(TestInvoker.java:677)\r\n\tat org.testng.internal.invokers.TestInvoker.invokeTestMethod(TestInvoker.java:221)\r\n\tat org.testng.internal.invokers.MethodRunner.runInSequence(MethodRunner.java:50)\r\n\tat org.testng.internal.invokers.TestInvoker$MethodInvocationAgent.invoke(TestInvoker.java:969)\r\n\tat org.testng.internal.invokers.TestInvoker.invokeTestMethods(TestInvoker.java:194)\r\n\tat org.testng.internal.invokers.TestMethodWorker.invokeTestMethods(TestMethodWorker.java:148)\r\n\tat org.testng.internal.invokers.TestMethodWorker.run(TestMethodWorker.java:128)\r\n\tat java.base/java.util.ArrayList.forEach(ArrayList.java:1511)\r\n\tat org.testng.TestRunner.privateRun(TestRunner.java:829)\r\n\tat org.testng.TestRunner.run(TestRunner.java:602)\r\n\tat org.testng.SuiteRunner.runTest(SuiteRunner.java:437)\r\n\tat org.testng.SuiteRunner.runSequentially(SuiteRunner.java:431)\r\n\tat org.testng.SuiteRunner.privateRun(SuiteRunner.java:391)\r\n\tat org.testng.SuiteRunner.run(SuiteRunner.java:330)\r\n\tat org.testng.SuiteRunnerWorker.runSuite(SuiteRunnerWorker.java:52)\r\n\tat org.testng.SuiteRunnerWorker.run(SuiteRunnerWorker.java:95)\r\n\tat org.testng.TestNG.runSuitesSequentially(TestNG.java:1256)\r\n\tat org.testng.TestNG.runSuitesLocally(TestNG.java:1176)\r\n\tat org.testng.TestNG.runSuites(TestNG.java:1099)\r\n\tat org.testng.TestNG.run(TestNG.java:1067)\r\n\tat com.intellij.rt.testng.IDEARemoteTestNG.run(IDEARemoteTestNG.java:66)\r\n\tat com.intellij.rt.testng.RemoteTestNGStarter.main(RemoteTestNGStarter.java:109)\r\nCaused by: org.openqa.selenium.StaleElementReferenceException: stale element reference: stale element not found\n  (Session info: chrome=113.0.5672.92)\nFor documentation on this error, please visit: https://selenium.dev/exceptions/#stale_element_reference\nBuild info: version: '4.8.1', revision: '8ebccac989'\nSystem info: os.name: 'Windows 10', os.arch: 'amd64', os.version: '10.0', java.version: '20'\nDriver info: org.openqa.selenium.chrome.ChromeDriver\nCommand: [165768ef47f25ccad6c3b0fac402f72c, isElementDisplayed {id=AF4C9EBD2816F57494FC440F4FF548B5_element_141}]\nCapabilities {acceptInsecureCerts: true, browserName: chrome, browserVersion: 113.0.5672.92, chrome: {chromedriverVersion: 113.0.5672.63 (0e1a4471d5ae..., userDataDir: C:\\Users\\N5A50~1.GOI\\AppDat...}, goog:chromeOptions: {debuggerAddress: localhost:55306}, networkConnectionEnabled: false, pageLoadStrategy: normal, platformName: WINDOWS, proxy: Proxy(), se:cdp: ws://localhost:55306/devtoo..., se:cdpVersion: 113.0.5672.92, setWindowRect: true, strictFileInteractability: false, timeouts: {implicit: 0, pageLoad: 300000, script: 30000}, unhandledPromptBehavior: accept, webauthn:extension:credBlob: true, webauthn:extension:largeBlob: true, webauthn:extension:minPinLength: true, webauthn:extension:prf: true, webauthn:virtualAuthenticators: true}\nElement: [[ChromeDriver: chrome on WINDOWS (165768ef47f25ccad6c3b0fac402f72c)] -> xpath: //*[@id=\"vue_app\"]/div[1]/div[3]/div[1]/button[1]]\nSession ID: 165768ef47f25ccad6c3b0fac402f72c\r\n\tat java.base/jdk.internal.reflect.DirectConstructorHandleAccessor.newInstance(DirectConstructorHandleAccessor.java:67)\r\n\tat java.base/java.lang.reflect.Constructor.newInstanceWithCaller(Constructor.java:500)\r\n\tat java.base/java.lang.reflect.Constructor.newInstance(Constructor.java:484)\r\n\tat org.openqa.selenium.remote.codec.w3c.W3CHttpResponseCodec.createException(W3CHttpResponseCodec.java:200)\r\n\tat org.openqa.selenium.remote.codec.w3c.W3CHttpResponseCodec.decode(W3CHttpResponseCodec.java:133)\r\n\tat org.openqa.selenium.remote.codec.w3c.W3CHttpResponseCodec.decode(W3CHttpResponseCodec.java:53)\r\n\tat org.openqa.selenium.remote.HttpCommandExecutor.execute(HttpCommandExecutor.java:184)\r\n\tat org.openqa.selenium.remote.service.DriverCommandExecutor.invokeExecute(DriverCommandExecutor.java:167)\r\n\tat org.openqa.selenium.remote.service.DriverCommandExecutor.execute(DriverCommandExecutor.java:142)\r\n\tat org.openqa.selenium.remote.RemoteWebDriver.execute(RemoteWebDriver.java:543)\r\n\tat org.openqa.selenium.remote.RemoteWebElement.execute(RemoteWebElement.java:257)\r\n\tat org.openqa.selenium.remote.RemoteWebElement.isDisplayed(RemoteWebElement.java:313)\r\n\tat com.codeborne.selenide.conditions.Visible.check(Visible.java:21)\r\n\tat com.codeborne.selenide.conditions.Or.check(Or.java:55)\r\n\tat com.codeborne.selenide.impl.WebElementSource.checkConditionAndReturnElement(WebElementSource.java:114)\r\n\t... 35 more\r\n"},"stage":"finished","steps":[],"attachments":[{"name":"Screenshot","source":"2fb57695-858c-4aa7-ad44-d5fb65fec4c3-attachment.png","type":"image/png"}],"parameters":[],"start":1683724584678,"stop":1683724589589}],"attachments":[],"parameters":[],"start":1683724478878,"stop":1683724589592}